<?xml version="1.0" encoding="UTF-8"?>
<!-- Generated by org.testng.reporters.JUnitXMLReporter -->
<testsuite ignored="0" hostname="ANEETA" failures="1" tests="1" name="Default test(failed)" time="22.309" errors="0" timestamp="2023-10-28T13:49:52 IST">
  <testcase classname="test.Managementtest" name="test" time="14.695">
    <failure type="org.openqa.selenium.ElementClickInterceptedException" message="element click intercepted: Element &amp;lt;input type=&amp;quot;button&amp;quot; name=&amp;quot;ctl00$cphBody$LoginPageLogin$imisLogin$LoginButton&amp;quot; value=&amp;quot;Sign In&amp;quot; onclick=&amp;quot;javascript:WebForm_DoPostBackWithOptions(new WebForm_PostBackOptions(&amp;amp;quot;ctl00$cphBody$LoginPageLogin$imisLogin$LoginButton&amp;amp;quot;, &amp;amp;quot;&amp;amp;quot;, true, &amp;amp;quot;atsLogin&amp;amp;quot;, &amp;amp;quot;&amp;amp;quot;, false, true))&amp;quot; id=&amp;quot;ctl00_cphBody_LoginPageLogin_imisLogin_LoginButton&amp;quot; class=&amp;quot;btn btn-primary&amp;quot;&amp;gt; is not clickable at point (386, 453). Other element would receive the click: &amp;lt;div class=&amp;quot;raDiv&amp;quot;&amp;gt;...&amp;lt;/div&amp;gt;
  (Session info: chrome=118.0.5993.118)
Build info: version: &amp;apos;4.13.0&amp;apos;, revision: &amp;apos;ba948ece5b*&amp;apos;
System info: os.name: &amp;apos;Windows 11&amp;apos;, os.arch: &amp;apos;amd64&amp;apos;, os.version: &amp;apos;10.0&amp;apos;, java.version: &amp;apos;17.0.8&amp;apos;
Driver info: org.openqa.selenium.chrome.ChromeDriver
Command: [4e4adda4984d87e8f75da8b40c11770d, clickElement {id=5995D978C39C2256DCE8A66A4C0726E1_element_93}]
Capabilities {acceptInsecureCerts: false, browserName: chrome, browserVersion: 118.0.5993.118, chrome: {chromedriverVersion: 118.0.5993.70 (e52f33f30b91..., userDataDir: C:\Users\aneet\AppData\Loca...}, fedcm:accounts: true, goog:chromeOptions: {debuggerAddress: localhost:55114}, networkConnectionEnabled: false, pageLoadStrategy: normal, platformName: windows, proxy: Proxy(), se:cdp: ws://localhost:55114/devtoo..., se:cdpVersion: 118.0.5993.118, setWindowRect: true, strictFileInteractability: false, timeouts: {implicit: 0, pageLoad: 300000, script: 30000}, unhandledPromptBehavior: dismiss and notify, webauthn:extension:credBlob: true, webauthn:extension:largeBlob: true, webauthn:extension:minPinLength: true, webauthn:extension:prf: true, webauthn:virtualAuthenticators: true}
Element: [[ChromeDriver: chrome on windows (4e4adda4984d87e8f75da8b40c11770d)] -&amp;gt; xpath: //input[@id=&amp;apos;ctl00_cphBody_LoginPageLogin_imisLogin_LoginButton&amp;apos;]]
Session ID: 4e4adda4984d87e8f75da8b40c11770d">
      <![CDATA[org.openqa.selenium.ElementClickInterceptedException: element click intercepted: Element <input type="button" name="ctl00$cphBody$LoginPageLogin$imisLogin$LoginButton" value="Sign In" onclick="javascript:WebForm_DoPostBackWithOptions(new WebForm_PostBackOptions(&quot;ctl00$cphBody$LoginPageLogin$imisLogin$LoginButton&quot;, &quot;&quot;, true, &quot;atsLogin&quot;, &quot;&quot;, false, true))" id="ctl00_cphBody_LoginPageLogin_imisLogin_LoginButton" class="btn btn-primary"> is not clickable at point (386, 453). Other element would receive the click: <div class="raDiv">...</div>
  (Session info: chrome=118.0.5993.118)
Build info: version: '4.13.0', revision: 'ba948ece5b*'
System info: os.name: 'Windows 11', os.arch: 'amd64', os.version: '10.0', java.version: '17.0.8'
Driver info: org.openqa.selenium.chrome.ChromeDriver
Command: [4e4adda4984d87e8f75da8b40c11770d, clickElement {id=5995D978C39C2256DCE8A66A4C0726E1_element_93}]
Capabilities {acceptInsecureCerts: false, browserName: chrome, browserVersion: 118.0.5993.118, chrome: {chromedriverVersion: 118.0.5993.70 (e52f33f30b91..., userDataDir: C:\Users\aneet\AppData\Loca...}, fedcm:accounts: true, goog:chromeOptions: {debuggerAddress: localhost:55114}, networkConnectionEnabled: false, pageLoadStrategy: normal, platformName: windows, proxy: Proxy(), se:cdp: ws://localhost:55114/devtoo..., se:cdpVersion: 118.0.5993.118, setWindowRect: true, strictFileInteractability: false, timeouts: {implicit: 0, pageLoad: 300000, script: 30000}, unhandledPromptBehavior: dismiss and notify, webauthn:extension:credBlob: true, webauthn:extension:largeBlob: true, webauthn:extension:minPinLength: true, webauthn:extension:prf: true, webauthn:virtualAuthenticators: true}
Element: [[ChromeDriver: chrome on windows (4e4adda4984d87e8f75da8b40c11770d)] -> xpath: //input[@id='ctl00_cphBody_LoginPageLogin_imisLogin_LoginButton']]
Session ID: 4e4adda4984d87e8f75da8b40c11770d
at org.openqa.selenium.remote.codec.w3c.W3CHttpResponseCodec.createException(W3CHttpResponseCodec.java:200)
at org.openqa.selenium.remote.codec.w3c.W3CHttpResponseCodec.decode(W3CHttpResponseCodec.java:133)
at org.openqa.selenium.remote.codec.w3c.W3CHttpResponseCodec.decode(W3CHttpResponseCodec.java:52)
at org.openqa.selenium.remote.HttpCommandExecutor.execute(HttpCommandExecutor.java:191)
at org.openqa.selenium.remote.service.DriverCommandExecutor.invokeExecute(DriverCommandExecutor.java:196)
at org.openqa.selenium.remote.service.DriverCommandExecutor.execute(DriverCommandExecutor.java:171)
at org.openqa.selenium.remote.RemoteWebDriver.execute(RemoteWebDriver.java:602)
at org.openqa.selenium.remote.RemoteWebElement.execute(RemoteWebElement.java:224)
at org.openqa.selenium.remote.RemoteWebElement.click(RemoteWebElement.java:77)
at Mavenpkg.Managementpg.main(Managementpg.java:106)
at test.Managementtest.test(Managementtest.java:37)
at java.base/java.util.ArrayList.forEach(ArrayList.java:1511)
... Removed 32 stack frames]]>
    </failure>
  </testcase> <!-- test -->
</testsuite> <!-- Default test(failed) -->
